Release 9.2i Map J.36
Xilinx Mapping Report File for Design 'ProcesseurAndCo'

Design Information
------------------
Command Line   : map -ise
/home/k4user/poly-imag/archi2/projet/ise/ProcesseurAndCo.ise -intstyle ise -p
xc3s1000-ft256-4 -timing -logic_opt off -ol high -t 1 -cm area -pr b -k 4 -power
off -o ProcesseurAndCo_map.ncd ProcesseurAndCo.ngd ProcesseurAndCo.pcf 
Target Device  : xc3s1000
Target Package : ft256
Target Speed   : -4
Mapper Version : spartan3 -- $Revision: 1.36 $
Mapped Date    : Fri Feb 26 09:35:27 2010

Design Summary
--------------
Number of errors:      0
Number of warnings:    6
Logic Utilization:
  Total Number Slice Registers:       659 out of  15,360    4%
    Number used as Flip Flops:                   658
    Number used as Latches:                        1
  Number of 4 input LUTs:           1,739 out of  15,360   11%
Logic Distribution:
  Number of occupied Slices:                        1,280 out of   7,680   16%
    Number of Slices containing only related logic:   1,280 out of   1,280  100%
    Number of Slices containing unrelated logic:          0 out of   1,280    0%
      *See NOTES below for an explanation of the effects of unrelated logic
Total Number of 4 input LUTs:          1,782 out of  15,360   11%
  Number used as logic:              1,739
  Number used as a route-thru:          43
  Number of bonded IOBs:               44 out of     173   25%
    IOB Flip Flops:                    16
  Number of Block RAMs:               16 out of      24   66%
  Number of GCLKs:                     1 out of       8   12%

Total equivalent gate count for design:  1,066,963
Additional JTAG gate count for IOBs:  2,112
Peak Memory Usage:  192 MB
Total REAL time to MAP completion:  2 mins 31 secs 
Total CPU time to MAP completion:   2 mins 21 secs 

Table of Contents
-----------------
Section 1 - Errors
Section 2 - Warnings
Section 3 - Informational
Section 4 - Removed Logic Summary
Section 5 - Removed Logic
Section 6 - IOB Properties
Section 7 - RPMs
Section 8 - Guide Report
Section 9 - Area Group and Partition Summary
Section 10 - Modular Design Summary
Section 11 - Timing Report
Section 12 - Configuration String Information
Section 13 - Control Set Information

Section 1 - Errors
------------------

Section 2 - Warnings
--------------------
WARNING:Pack:266 - The function generator
   cProcesseur/cDataPath/cUAL/cAdd/S_7_or000030 failed to merge with F5
   multiplexer cProcesseur/cDataPath/cUAL/cAdd/S_7_or000046_SW0_SW1.  There is a
   conflict for the FXMUX.  The design will exhibit suboptimal timing.
WARNING:Pack:266 - The function generator
   cProcesseur/cDataPath/cUAL/cAdd/Mxor_P<12><12>_Result1 failed to merge with
   F5 multiplexer cProcesseur/cDataPath/sigRd<12>112_SW1.  There is a conflict
   for the FXMUX.  The design will exhibit suboptimal timing.
WARNING:PhysDesignRules:372 - Gated clock. Clock net cTimer/sCLK<0> is sourced
   by a combinatorial pin. This is not good design practice. Use the CE pin to
   control the loading of data into the flip-flop.
WARNING:PhysDesignRules:372 - Gated clock. Clock net cTimer/sCLK<1> is sourced
   by a combinatorial pin. This is not good design practice. Use the CE pin to
   control the loading of data into the flip-flop.
WARNING:PhysDesignRules:372 - Gated clock. Clock net cTimer/sCLK<2> is sourced
   by a combinatorial pin. This is not good design practice. Use the CE pin to
   control the loading of data into the flip-flop.
WARNING:PhysDesignRules:372 - Gated clock. Clock net cTimer/TMR_CLK_0_cmp_eq0000
   is sourced by a combinatorial pin. This is not good design practice. Use the
   CE pin to control the loading of data into the flip-flop.

Section 3 - Informational
-------------------------
INFO:MapLib:562 - No environment variables are currently set.
INFO:MapLib:863 - The following Virtex BUFG(s) is/are being retargeted to
   Virtex2 BUFGMUX(s) with input tied to I0 and Select pin tied to constant 0:
   BUFGP symbol "CLK_BUFGP" (output signal=CLK_BUFGP)
INFO:LIT:244 - All of the single ended outputs in this design are using slew
   rate limited output drivers. The delay on speed critical single ended outputs
   can be dramatically reduced by designating them as fast outputs in the
   schematic.
INFO:Pack:1716 - Initializing temperature to 85.000 Celsius. (default - Range:
   0.000 to 85.000 Celsius)
INFO:Pack:1720 - Initializing voltage to 1.140 Volts. (default - Range: 1.140 to
   1.260 Volts)
INFO:Pack:1650 - Map created a placed design.

Section 4 - Removed Logic Summary
---------------------------------
   2 block(s) optimized away

Section 5 - Removed Logic
-------------------------

Optimized Block(s):
TYPE 		BLOCK
GND 		XST_GND
VCC 		XST_VCC

To enable printing of redundant blocks removed and signals merged, set the
detailed map report option and rerun map.

Section 6 - IOB Properties
--------------------------

+------------------------------------------------------------------------------------------------------------------------+
| IOB Name                           | Type    | Direction | IO Standard | Drive    | Slew | Reg (s)  | Resistor | IOB   |
|                                    |         |           |             | Strength | Rate |          |          | Delay |
+------------------------------------------------------------------------------------------------------------------------+
| ANODE<0>                           | IOB     | OUTPUT    | LVCMOS25    | 12       | SLOW | OFF1     |          |       |
| ANODE<1>                           | IOB     | OUTPUT    | LVCMOS25    | 12       | SLOW |          |          |       |
| ANODE<2>                           | IOB     | OUTPUT    | LVCMOS25    | 12       | SLOW |          |          |       |
| ANODE<3>                           | IOB     | OUTPUT    | LVCMOS25    | 12       | SLOW |          |          |       |
| B                                  | IOB     | OUTPUT    | LVCMOS25    | 12       | SLOW |          |          |       |
| CLK                                | IOB     | INPUT     | LVCMOS25    |          |      |          |          |       |
| G                                  | IOB     | OUTPUT    | LVCMOS25    | 12       | SLOW |          |          |       |
| HS                                 | IOB     | OUTPUT    | LVCMOS25    | 12       | SLOW |          |          |       |
| LED<0>                             | IOB     | OUTPUT    | LVCMOS25    | 12       | SLOW | OFF1     |          |       |
| LED<1>                             | IOB     | OUTPUT    | LVCMOS25    | 12       | SLOW | OFF1     |          |       |
| LED<2>                             | IOB     | OUTPUT    | LVCMOS25    | 12       | SLOW | OFF1     |          |       |
| LED<3>                             | IOB     | OUTPUT    | LVCMOS25    | 12       | SLOW | OFF1     |          |       |
| LED<4>                             | IOB     | OUTPUT    | LVCMOS25    | 12       | SLOW | OFF1     |          |       |
| LED<5>                             | IOB     | OUTPUT    | LVCMOS25    | 12       | SLOW | OFF1     |          |       |
| LED<6>                             | IOB     | OUTPUT    | LVCMOS25    | 12       | SLOW | OFF1     |          |       |
| LED<7>                             | IOB     | OUTPUT    | LVCMOS25    | 12       | SLOW | OFF1     |          |       |
| OSCILLATOR                         | IOB     | INPUT     | LVCMOS25    |          |      |          |          |       |
| PS2C                               | IOB     | INPUT     | LVCMOS25    |          |      |          |          |       |
| PS2D                               | IOB     | INPUT     | LVCMOS25    |          |      |          |          |       |
| PUSHBUTTON<0>                      | IOB     | INPUT     | LVCMOS25    |          |      |          |          |       |
| PUSHBUTTON<1>                      | IOB     | INPUT     | LVCMOS25    |          |      |          |          |       |
| PUSHBUTTON<2>                      | IOB     | INPUT     | LVCMOS25    |          |      |          |          |       |
| R                                  | IOB     | OUTPUT    | LVCMOS25    | 12       | SLOW |          |          |       |
| RESET                              | IOB     | INPUT     | LVCMOS25    |          |      |          |          |       |
| RXD                                | IOB     | INPUT     | LVCMOS25    |          |      |          |          |       |
| RXDA                               | IOB     | INPUT     | LVCMOS25    |          |      |          |          |       |
| SEGMENT<0>                         | IOB     | OUTPUT    | LVCMOS25    | 12       | SLOW | OFF1     |          |       |
| SEGMENT<1>                         | IOB     | OUTPUT    | LVCMOS25    | 12       | SLOW | OFF1     |          |       |
| SEGMENT<2>                         | IOB     | OUTPUT    | LVCMOS25    | 12       | SLOW | OFF1     |          |       |
| SEGMENT<3>                         | IOB     | OUTPUT    | LVCMOS25    | 12       | SLOW | OFF1     |          |       |
| SEGMENT<4>                         | IOB     | OUTPUT    | LVCMOS25    | 12       | SLOW | OFF1     |          |       |
| SEGMENT<5>                         | IOB     | OUTPUT    | LVCMOS25    | 12       | SLOW | OFF1     |          |       |
| SEGMENT<6>                         | IOB     | OUTPUT    | LVCMOS25    | 12       | SLOW | OFF1     |          |       |
| SLIDER<0>                          | IOB     | INPUT     | LVCMOS25    |          |      |          |          |       |
| SLIDER<1>                          | IOB     | INPUT     | LVCMOS25    |          |      |          |          |       |
| SLIDER<2>                          | IOB     | INPUT     | LVCMOS25    |          |      |          |          |       |
| SLIDER<3>                          | IOB     | INPUT     | LVCMOS25    |          |      |          |          |       |
| SLIDER<4>                          | IOB     | INPUT     | LVCMOS25    |          |      |          |          |       |
| SLIDER<5>                          | IOB     | INPUT     | LVCMOS25    |          |      |          |          |       |
| SLIDER<6>                          | IOB     | INPUT     | LVCMOS25    |          |      |          |          |       |
| SLIDER<7>                          | IOB     | INPUT     | LVCMOS25    |          |      |          |          |       |
| TXD                                | IOB     | OUTPUT    | LVCMOS25    | 12       | SLOW |          |          |       |
| TXDA                               | IOB     | OUTPUT    | LVCMOS25    | 12       | SLOW |          |          |       |
| VS                                 | IOB     | OUTPUT    | LVCMOS25    | 12       | SLOW |          |          |       |
+------------------------------------------------------------------------------------------------------------------------+

Section 7 - RPMs
----------------

Section 8 - Guide Report
------------------------
Guide not run on this design.

Section 9 - Area Group and Partition Summary
--------------------------------------------

Partition Implementation Status
-------------------------------

  No Partitions were found in this design.

-------------------------------

Area Group Information
----------------------

  No area groups were found in this design.


----------------------

Section 10 - Modular Design Summary
-----------------------------------
Modular Design not used for this design.

Section 11 - Timing Report
--------------------------
INFO:Timing:3284 - This timing report was generated using estimated delay 
   information.  For accurate numbers, please refer to the post Place and Route 
   timing report.
Asterisk (*) preceding a constraint indicates it was not met.
   This may be due to a setup or hold violation.

------------------------------------------------------------------------------------------------------
  Constraint                                |  Check  | Worst Case |  Best Case | Timing |   Timing   
                                            |         |    Slack   | Achievable | Errors |    Score   
------------------------------------------------------------------------------------------------------
  Autotimespec constraint for clock net CLK | SETUP   |         N/A|    15.918ns|     N/A|     3091361
  _BUFGP                                    | HOLD    |     0.901ns|            |       0|           0
------------------------------------------------------------------------------------------------------
  Autotimespec constraint for clock net cTi | SETUP   |         N/A|     4.898ns|     N/A|           0
  mer/TMR_CLK<6>                            | HOLD    |     0.986ns|            |       0|           0
------------------------------------------------------------------------------------------------------
  Autotimespec constraint for clock net cTi | SETUP   |         N/A|     5.339ns|     N/A|           0
  mer/TMR_CLK<4>                            | HOLD    |     0.999ns|            |       0|           0
------------------------------------------------------------------------------------------------------
  Autotimespec constraint for clock net cTi | SETUP   |         N/A|     4.898ns|     N/A|           0
  mer/TMR_CLK<5>                            | HOLD    |     0.999ns|            |       0|           0
------------------------------------------------------------------------------------------------------
  Autotimespec constraint for clock net cTi | SETUP   |         N/A|     5.324ns|     N/A|           0
  mer/TMR_CLK<2>                            | HOLD    |     0.999ns|            |       0|           0
------------------------------------------------------------------------------------------------------
  Autotimespec constraint for clock net cTi | SETUP   |         N/A|     4.898ns|     N/A|           0
  mer/TMR_CLK<3>                            | HOLD    |     0.999ns|            |       0|           0
------------------------------------------------------------------------------------------------------
  Autotimespec constraint for clock net cTi | SETUP   |         N/A|     5.323ns|     N/A|           0
  mer/TMR_CLK<0>                            | HOLD    |     0.999ns|            |       0|           0
------------------------------------------------------------------------------------------------------
  Autotimespec constraint for clock net cTi | SETUP   |         N/A|     5.913ns|     N/A|           0
  mer/TMR_CLK<1>                            | HOLD    |     0.999ns|            |       0|           0
------------------------------------------------------------------------------------------------------
  Autotimespec constraint for clock net cTi | SETUP   |         N/A|     6.529ns|     N/A|           0
  mer/sCLK<1>                               | HOLD    |     2.712ns|            |       0|           0
------------------------------------------------------------------------------------------------------
  Autotimespec constraint for clock net cTi | SETUP   |         N/A|     6.220ns|     N/A|           0
  mer/sCLK<2>                               | HOLD    |     2.908ns|            |       0|           0
------------------------------------------------------------------------------------------------------
  Autotimespec constraint for clock net cTi | SETUP   |         N/A|     1.554ns|     N/A|           0
  mer/TMR_CLK_0_cmp_eq0000                  | HOLD    |     0.929ns|            |       0|           0
------------------------------------------------------------------------------------------------------


1 constraint not met.
INFO:Timing:2761 - N/A entries in the Constraints list may indicate that the 
   constraint does not cover any paths or that it has no requested value.



Section 12 - Configuration String Details
-----------------------------------------
Use the "-detail" map option to print out Configuration Strings

Section 13 - Control Set Information
------------------------------------
No control set information for this architecture.
