--------------------------------------------------------------------------------
Release 9.2.04i Trace 
Copyright (c) 1995-2007 Xilinx, Inc.  All rights reserved.

trce -ise /home/k4user/poly-imag/archi2/projet/ise/ProcesseurAndCo.ise
-intstyle ise -e 3 -s 4 -xml ProcesseurAndCo ProcesseurAndCo.ncd -o
ProcesseurAndCo.twr ProcesseurAndCo.pcf -ucf
/home/k4user/poly-imag/archi2/projet/ProcesseurAndCo.ucf

Design file:              ProcesseurAndCo.ncd
Physical constraint file: ProcesseurAndCo.pcf
Device,package,speed:     xc3s1000,ft256,-4 (PRODUCTION 1.39 2007-10-19)
Report level:             error report

Environment Variable      Effect 
--------------------      ------ 
NONE                      No environment variables were set
--------------------------------------------------------------------------------

INFO:Timing:2698 - No timing constraints found, doing default enumeration.
INFO:Timing:2752 - To get complete path coverage, use the unconstrained paths 
   option. All paths that are not constrained will be reported in the 
   unconstrained paths section(s) of the report.
INFO:Timing:3339 - The clock-to-out numbers in this timing report are based on 
   a 50 Ohm transmission line loading model.  For the details of this model, 
   and for more information on accounting for different loading conditions, 
   please see the device datasheet.



Data Sheet report:
-----------------
All values displayed in nanoseconds (ns)

Setup/Hold to clock CLK
-------------+------------+------------+------------------+--------+
             |  Setup to  |  Hold to   |                  | Clock  |
Source       | clk (edge) | clk (edge) |Internal Clock(s) | Phase  |
-------------+------------+------------+------------------+--------+
OSCILLATOR   |    4.851(R)|   -1.976(R)|CLK_BUFGP         |   0.000|
PS2C         |    8.531(R)|    0.428(R)|CLK_BUFGP         |   0.000|
PS2D         |   10.881(R)|   -6.090(R)|CLK_BUFGP         |   0.000|
PUSHBUTTON<0>|    9.198(R)|   -4.919(R)|CLK_BUFGP         |   0.000|
PUSHBUTTON<1>|    8.523(R)|   -4.236(R)|CLK_BUFGP         |   0.000|
PUSHBUTTON<2>|    8.840(R)|   -4.318(R)|CLK_BUFGP         |   0.000|
RESET        |   17.289(R)|   -3.557(R)|CLK_BUFGP         |   0.000|
RXD          |    6.184(R)|   -2.976(R)|CLK_BUFGP         |   0.000|
RXDA         |    8.038(R)|   -3.754(R)|CLK_BUFGP         |   0.000|
SLIDER<0>    |    6.116(R)|   -2.236(R)|CLK_BUFGP         |   0.000|
SLIDER<1>    |    6.622(R)|   -1.914(R)|CLK_BUFGP         |   0.000|
SLIDER<2>    |    6.163(R)|   -1.988(R)|CLK_BUFGP         |   0.000|
SLIDER<3>    |    5.049(R)|   -1.503(R)|CLK_BUFGP         |   0.000|
SLIDER<4>    |    6.269(R)|   -2.808(R)|CLK_BUFGP         |   0.000|
SLIDER<5>    |    6.231(R)|   -2.453(R)|CLK_BUFGP         |   0.000|
SLIDER<6>    |    7.283(R)|   -2.883(R)|CLK_BUFGP         |   0.000|
SLIDER<7>    |    4.753(R)|   -1.224(R)|CLK_BUFGP         |   0.000|
-------------+------------+------------+------------------+--------+

Clock CLK to Pad
------------+------------+------------------+--------+
            | clk (edge) |                  | Clock  |
Destination |   to PAD   |Internal Clock(s) | Phase  |
------------+------------+------------------+--------+
ANODE<0>    |    7.254(R)|CLK_BUFGP         |   0.000|
B           |   19.124(R)|CLK_BUFGP         |   0.000|
G           |   19.813(R)|CLK_BUFGP         |   0.000|
HS          |   12.361(R)|CLK_BUFGP         |   0.000|
LED<0>      |    7.454(R)|CLK_BUFGP         |   0.000|
LED<1>      |    7.257(R)|CLK_BUFGP         |   0.000|
LED<2>      |    7.454(R)|CLK_BUFGP         |   0.000|
LED<3>      |    7.308(R)|CLK_BUFGP         |   0.000|
LED<4>      |    7.341(R)|CLK_BUFGP         |   0.000|
LED<5>      |    7.201(R)|CLK_BUFGP         |   0.000|
LED<6>      |    7.235(R)|CLK_BUFGP         |   0.000|
LED<7>      |    7.250(R)|CLK_BUFGP         |   0.000|
R           |   20.154(R)|CLK_BUFGP         |   0.000|
SEGMENT<0>  |    7.298(R)|CLK_BUFGP         |   0.000|
SEGMENT<1>  |    7.454(R)|CLK_BUFGP         |   0.000|
SEGMENT<2>  |    7.285(R)|CLK_BUFGP         |   0.000|
SEGMENT<3>  |    7.257(R)|CLK_BUFGP         |   0.000|
SEGMENT<4>  |    7.331(R)|CLK_BUFGP         |   0.000|
SEGMENT<5>  |    7.488(R)|CLK_BUFGP         |   0.000|
SEGMENT<6>  |    7.285(R)|CLK_BUFGP         |   0.000|
VS          |   12.762(R)|CLK_BUFGP         |   0.000|
------------+------------+------------------+--------+

Clock to Setup on destination clock CLK
---------------+---------+---------+---------+---------+
               | Src:Rise| Src:Fall| Src:Rise| Src:Fall|
Source Clock   |Dest:Rise|Dest:Rise|Dest:Fall|Dest:Fall|
---------------+---------+---------+---------+---------+
CLK            |   15.745|         |         |         |
---------------+---------+---------+---------+---------+


Analysis completed Fri Mar 19 11:21:50 2010 
--------------------------------------------------------------------------------

Trace Settings:
-------------------------
Trace Settings 

Peak Memory Usage: 106 MB



