Asterisk (*) preceding a constraint indicates it was not met.
   This may be due to a setup or hold violation.

------------------------------------------------------------------------------------------------------
  Constraint                                |  Check  | Worst Case |  Best Case | Timing |   Timing   
                                            |         |    Slack   | Achievable | Errors |    Score   
------------------------------------------------------------------------------------------------------
  Autotimespec constraint for clock net CLK | SETUP   |         N/A|    15.751ns|     N/A|       19897
  _BUFGP                                    | HOLD    |     0.786ns|            |       0|           0
------------------------------------------------------------------------------------------------------
  Autotimespec constraint for clock net cTi | SETUP   |         N/A|     6.018ns|     N/A|           0
  mer/TMR_CLK<6>                            | HOLD    |     0.436ns|            |       0|           0
------------------------------------------------------------------------------------------------------
  Autotimespec constraint for clock net cTi | SETUP   |         N/A|     6.118ns|     N/A|         453
  mer/TMR_CLK<4>                            | HOLD    |     0.531ns|            |       0|           0
------------------------------------------------------------------------------------------------------
  Autotimespec constraint for clock net cTi | SETUP   |         N/A|     5.574ns|     N/A|           0
  mer/TMR_CLK<5>                            | HOLD    |     0.364ns|            |       0|           0
------------------------------------------------------------------------------------------------------
  Autotimespec constraint for clock net cTi | SETUP   |         N/A|     6.648ns|     N/A|        1561
  mer/TMR_CLK<2>                            | HOLD    |     0.821ns|            |       0|           0
------------------------------------------------------------------------------------------------------
  Autotimespec constraint for clock net cTi | SETUP   |         N/A|     5.847ns|     N/A|         564
  mer/TMR_CLK<3>                            | HOLD    |     0.897ns|            |       0|           0
------------------------------------------------------------------------------------------------------
  Autotimespec constraint for clock net cTi | SETUP   |         N/A|     5.759ns|     N/A|         103
  mer/TMR_CLK<0>                            | HOLD    |     0.569ns|            |       0|           0
------------------------------------------------------------------------------------------------------
  Autotimespec constraint for clock net cTi | SETUP   |         N/A|     6.953ns|     N/A|         632
  mer/TMR_CLK<1>                            | HOLD    |     0.560ns|            |       0|           0
------------------------------------------------------------------------------------------------------
  Autotimespec constraint for clock net cTi | SETUP   |         N/A|     6.731ns|     N/A|        2520
  mer/sCLK<1>                               | HOLD    |     1.045ns|            |       0|           0
------------------------------------------------------------------------------------------------------
  Autotimespec constraint for clock net cTi | SETUP   |         N/A|     6.871ns|     N/A|           0
  mer/sCLK<2>                               | HOLD    |     1.436ns|            |       0|           0
------------------------------------------------------------------------------------------------------
  Autotimespec constraint for clock net cPS | SETUP   |         N/A|     5.428ns|     N/A|          26
  2/PS2Csmooth                              | HOLD    |     0.197ns|            |       0|           0
------------------------------------------------------------------------------------------------------


8 constraints not met.
INFO:Timing:2761 - N/A entries in the Constraints list may indicate that the 
   constraint does not cover any paths or that it has no requested value.


